removing old generations of profile /nix/var/nix/profiles/per-user/root/channels
removing old generations of profile /nix/var/nix/profiles/system
removing old generations of profile /nix/var/nix/profiles/per-user/root/channels
finding garbage collector roots...
removing stale link from '/nix/var/nix/gcroots/auto/pj7x3iz0f3xq2w0i7rp1vp1m2rqgs61c' to '/home/shane/.local/state/home-manager/gcroots/new-home'
removing stale temporary roots file '/nix/var/nix/temproots/19495'
removing stale temporary roots file '/nix/var/nix/temproots/19519'
removing stale temporary roots file '/nix/var/nix/temproots/23680'
removing stale temporary roots file '/nix/var/nix/temproots/23699'
removing stale temporary roots file '/nix/var/nix/temproots/23016'
removing stale temporary roots file '/nix/var/nix/temproots/22998'
deleting garbage...
deleting '/nix/store/x7iki4rbsfgsbw6n5csnh7liwzfsq4j7-xonsh-0.20.0.drv'
deleting '/nix/store/8qhimj9xkic6vwgbdzvssngnv4a3zfma-python3-3.13.11-env.drv'
deleting '/nix/store/vdv6vs8hdxprzh698yd903cjj4nj7gnb-python3.13-xonsh-0.20.0.drv'
deleting '/nix/store/03064dvcc2i1d4ymha887fk848p9n603-add-bin-to-path-hook.drv'
deleting '/nix/store/wx5ivjgmzwl9222fpdy5h0c1ysa9cldn-stdenv-linux'
deleting '/nix/store/9k7h0vvpnb8w4xcaypff4i76n1bsmwzz-update-autotools-gnu-config-scripts-hook'
deleting '/nix/store/3a6jiyznmscdw5wvmk553sy2pid1ajnx-user-dbus-services'
deleting '/nix/store/s2k48fw3y698j4kcvmw0520m06ihv2z4-file-5.45'
deleting '/nix/store/0q3prxzrpbs04h7lm36pzfp79rb7gdk4-unit-pipewire.socket-disabled'
deleting '/nix/store/gjxgkn6hpp0kz2drbw2bvk5npymx4ri3-fish-4.3.3.drv'
deleting '/nix/store/q9qs5hwhq2qyg9xdr4s1c1jfvxalcggq-source'
deleting '/nix/store/iimih3cr085krl4pjjgsb2gm1criv6wj-cargo-deps-vendor.drv'
deleting '/nix/store/zr347npfaxj489kdp5pl09ay8s1ryr0s-cargo-deps-vendor-staging.drv'
deleting '/nix/store/74qcg1gqnxvqbpd4fpxqnnlmal7b8lvr-source.drv'
deleting '/nix/store/3dnkim60s9ksnymps4sqgyn7s5rdp07s-unit-pipewire.service-disabled'
deleting '/nix/store/a61dysx5pnv0idmchy1jfsnmv2xq8n24-source'
deleting '/nix/store/aq9s2w5iyayy0d8k4y3l1yp0r1zr3iw8-unit-wireplumber.service-disabled'
deleting '/nix/store/444nxa8vas5r4g98504awpc9ymswfjiy-config.fish.appendix.drv'
deleting '/nix/store/3k9yf14ph6171x54b4aha5v39v7mdgnb-dummy-fc-dir1'
deleting '/nix/store/6r8hv0jpa2n34i2lxknsz6mgzgxwdg4j-make-binary-wrapper-hook'
deleting '/nix/store/pl788bz0606cpq1j6b1ig63yddzqm6qv-python3-3.13.11-env.drv'
deleting '/nix/store/48zc854y65q0jvsa2na6liawgqvh69cq-make-shell-wrapper-hook'
deleting '/nix/store/bfmpbs5ljgkihq5lwaz1j7z2vrairx1m-dummy-fc-dir2'
deleting '/nix/store/9vhz2glns3df0ahcb28rwhzkphysfjmi-ensure-all-wrappers-paths-exist'
deleting '/nix/store/54i1m0z3ahdb56nsr8j0y50w0qxjlp7d-dry-activate'
deleting '/nix/store/75pa9by7jq0mqlblpcm4y8y1nd9d7ak7-unit-console-getty.service-disabled'
deleting '/nix/store/bwj1xjpab6xwh743za35rzlp11lsij63-dummy-xdg-mime-dirs2'
deleting '/nix/store/119wcss8hpblzq13acpgivaiy5vg3hv8-builder.pl'
deleting '/nix/store/1k9hcxkaz08gav8qjrcas5wwici2qqyr-disable_suid_test.patch'
deleting '/nix/store/mkm3my2067305hdh7rzmi10npwr7y17f-gnumake-4.4.1'
deleting '/nix/store/49qmpf2xx4cr36plm8z0kcwxaq92h8af-texinfo-7.2'
deleting '/nix/store/h5m12gmjjxs0sa13scpcg6zrx73c7c6r-die-hook'
deleting '/nix/store/9ync68c8kmssfy5b8gjs6gwgkkzd2l4k-python3.13-pytest-subprocess-1.5.3.drv'
deleting '/nix/store/yd25mpjx8cp3gadm5v09v5zd3hin6ig7-source.drv'
deleting '/nix/store/3vs2fr2mazafcdwyza15bfhpmccx1k7z-patchelf-0.15.2'
deleting '/nix/store/7058v0rahgbcn026h1vh9251fadblilb-dummy-xdg-mime-dirs1'
deleting '/nix/store/vnr0wxxf19kay9lag5i9yicl04baq5nk-activate'
deleting '/nix/store/50bf2smrzk1rmly351djdchqmxxf4acf-unit-script-network-local-commands-start.drv'
deleting '/nix/store/bq4s1z8az8ccq3yrdw1lm9xzv63ii3ch-python3.13-pyte-0.8.2.drv'
deleting '/nix/store/ixps8hs52whni33np1v41kmfmkswh7c6-boot.json'
deleting '/nix/store/4pg9xnp29hw4zsqx3rsfvdm0xqfm5c0m-__fish_build_paths_suffix.fish.drv'
deleting '/nix/store/6shrvpy6mj0pdwin1231j0krrz7mkvq4-source.drv'
deleting '/nix/store/jid8ifyq6xjiqc2g7ca6wik40icwsrav-source'
deleting '/nix/store/v62ypdyl9vglxfsmvfwfgz4xjcxpnwnb-xkb-validated'
deleting '/nix/store/axmfg44mziw9bngfj937li7c7l39x6w1-gnu-config-2024-01-01'
deleting '/nix/store/f5z4l44iad870xyn6sbq4jy0108nmc6r-stage-2-init.sh'
deleting '/nix/store/52n1q4lzdry0bkdmqn17gfg8f3hf50cs-perl-5.42.0-env'
deleting '/nix/store/i29in2135z5ikrw0gmxgqnclipkz6xzv-nix-darwin-path.patch'
deleting '/nix/store/vsivpm0200nbdf715208hwv90yadr357-glibc-2.40-66-source.drv'
deleting '/nix/store/bfxxw9w5h7drhprfgkrlwm4c5kxhzgca-source.drv'
deleting '/nix/store/9gs87cilw6dwz7rd6bspikspgvja6i81-unit-pipewire-pulse.socket-disabled'
deleting '/nix/store/p0nvk070918lnq0bxzynwhy7w9153gz7-unit-pipewire-pulse.service-disabled'
deleting '/nix/store/8vyvryyli71bxd9zqmyq7sxb89lrljng-activation-script'
deleting '/nix/store/bai5h7gw6bhys2dwfiaf56aj6as571js-be30d9a94ba45afb600717e3fcd95b8b2ff2c60e.patch.drv'
deleting '/nix/store/xjlj069lk2r66q4f1f07cwrqlbxw4sgd-add-bin-to-path.sh'
deleting unused links...
note: currently hard linking saves -0.00 MiB
55 store paths deleted, 30.64 MiB freed
